TN:
SF:static\js\layout-manager.js
FN:17,(anonymous_0)
FN:62,(anonymous_1)
FN:119,(anonymous_2)
FN:121,(anonymous_3)
FN:128,(anonymous_4)
FN:135,(anonymous_5)
FN:141,(anonymous_6)
FN:146,(anonymous_7)
FN:156,(anonymous_8)
FN:193,(anonymous_9)
FN:204,(anonymous_10)
FN:235,(anonymous_11)
FN:239,(anonymous_12)
FN:241,(anonymous_13)
FN:246,(anonymous_14)
FN:253,(anonymous_15)
FN:267,(anonymous_16)
FN:269,(anonymous_17)
FN:315,(anonymous_18)
FN:317,(anonymous_19)
FN:362,(anonymous_20)
FN:374,(anonymous_21)
FN:390,(anonymous_22)
FN:397,(anonymous_23)
FN:412,(anonymous_24)
FN:426,(anonymous_25)
FN:446,(anonymous_26)
FN:461,(anonymous_27)
FN:481,(anonymous_28)
FN:498,(anonymous_29)
FN:499,(anonymous_30)
FN:526,(anonymous_31)
FN:530,(anonymous_32)
FN:563,(anonymous_33)
FN:589,(anonymous_34)
FN:606,(anonymous_35)
FN:619,(anonymous_36)
FN:622,(anonymous_37)
FN:665,(anonymous_38)
FN:678,(anonymous_39)
FN:686,(anonymous_40)
FN:694,(anonymous_41)
FN:698,(anonymous_42)
FN:716,(anonymous_43)
FN:729,(anonymous_44)
FN:747,(anonymous_45)
FN:765,(anonymous_46)
FN:795,(anonymous_47)
FN:796,(anonymous_48)
FN:813,(anonymous_49)
FN:827,(anonymous_50)
FN:846,(anonymous_51)
FN:861,(anonymous_52)
FN:884,(anonymous_53)
FN:940,(anonymous_54)
FN:979,(anonymous_55)
FN:982,(anonymous_56)
FN:997,(anonymous_57)
FN:1020,(anonymous_58)
FN:1034,(anonymous_59)
FN:1051,(anonymous_60)
FN:1084,(anonymous_61)
FN:1101,(anonymous_62)
FN:1119,(anonymous_63)
FN:1152,(anonymous_64)
FN:1194,(anonymous_65)
FN:1200,(anonymous_66)
FN:1228,(anonymous_67)
FN:1286,(anonymous_68)
FN:1315,(anonymous_69)
FN:1317,(anonymous_70)
FN:1329,(anonymous_71)
FN:1348,(anonymous_72)
FN:1362,(anonymous_73)
FN:1391,(anonymous_74)
FNF:75
FNH:75
FNDA:10,(anonymous_0)
FNDA:80,(anonymous_1)
FNDA:30,(anonymous_2)
FNDA:9,(anonymous_3)
FNDA:80,(anonymous_4)
FNDA:240,(anonymous_5)
FNDA:240,(anonymous_6)
FNDA:240,(anonymous_7)
FNDA:240,(anonymous_8)
FNDA:80,(anonymous_9)
FNDA:80,(anonymous_10)
FNDA:160,(anonymous_11)
FNDA:25,(anonymous_12)
FNDA:13,(anonymous_13)
FNDA:26,(anonymous_14)
FNDA:1,(anonymous_15)
FNDA:30,(anonymous_16)
FNDA:90,(anonymous_17)
FNDA:111,(anonymous_18)
FNDA:444,(anonymous_19)
FNDA:30,(anonymous_20)
FNDA:26,(anonymous_21)
FNDA:80,(anonymous_22)
FNDA:1,(anonymous_23)
FNDA:81,(anonymous_24)
FNDA:67,(anonymous_25)
FNDA:1,(anonymous_26)
FNDA:1,(anonymous_27)
FNDA:1,(anonymous_28)
FNDA:1,(anonymous_29)
FNDA:3,(anonymous_30)
FNDA:1,(anonymous_31)
FNDA:3,(anonymous_32)
FNDA:6,(anonymous_33)
FNDA:847,(anonymous_34)
FNDA:8,(anonymous_35)
FNDA:81,(anonymous_36)
FNDA:243,(anonymous_37)
FNDA:5,(anonymous_38)
FNDA:3,(anonymous_39)
FNDA:1,(anonymous_40)
FNDA:138,(anonymous_41)
FNDA:414,(anonymous_42)
FNDA:138,(anonymous_43)
FNDA:311,(anonymous_44)
FNDA:53,(anonymous_45)
FNDA:55,(anonymous_46)
FNDA:82,(anonymous_47)
FNDA:246,(anonymous_48)
FNDA:258,(anonymous_49)
FNDA:258,(anonymous_50)
FNDA:44,(anonymous_51)
FNDA:114,(anonymous_52)
FNDA:46,(anonymous_53)
FNDA:16,(anonymous_54)
FNDA:21,(anonymous_55)
FNDA:63,(anonymous_56)
FNDA:3,(anonymous_57)
FNDA:12,(anonymous_58)
FNDA:9,(anonymous_59)
FNDA:89,(anonymous_60)
FNDA:13,(anonymous_61)
FNDA:254,(anonymous_62)
FNDA:4,(anonymous_63)
FNDA:16,(anonymous_64)
FNDA:40,(anonymous_65)
FNDA:30,(anonymous_66)
FNDA:12,(anonymous_67)
FNDA:46,(anonymous_68)
FNDA:49,(anonymous_69)
FNDA:147,(anonymous_70)
FNDA:48,(anonymous_71)
FNDA:46,(anonymous_72)
FNDA:116,(anonymous_73)
FNDA:657,(anonymous_74)
DA:17,10
DA:21,10
DA:23,10
DA:29,10
DA:43,10
DA:52,10
DA:64,80
DA:67,80
DA:70,80
DA:73,80
DA:76,80
DA:79,80
DA:82,80
DA:85,80
DA:88,80
DA:91,80
DA:94,80
DA:97,80
DA:100,80
DA:103,80
DA:106,80
DA:107,80
DA:108,80
DA:109,80
DA:110,80
DA:111,80
DA:112,80
DA:113,80
DA:114,80
DA:117,80
DA:119,80
DA:121,80
DA:129,80
DA:132,80
DA:133,80
DA:136,240
DA:140,80
DA:141,80
DA:142,240
DA:146,80
DA:147,240
DA:148,240
DA:151,240
DA:152,240
DA:156,80
DA:157,240
DA:158,240
DA:162,80
DA:165,80
DA:166,80
DA:168,79
DA:171,79
DA:175,80
DA:176,80
DA:177,70
DA:179,80
DA:180,80
DA:184,80
DA:185,80
DA:186,70
DA:188,80
DA:189,80
DA:193,80
DA:194,80
DA:197,80
DA:205,80
DA:206,80
DA:207,70
DA:211,10
DA:213,10
DA:214,10
DA:215,10
DA:219,0
DA:221,0
DA:226,0
DA:236,160
DA:238,160
DA:240,25
DA:241,25
DA:242,13
DA:243,13
DA:247,26
DA:248,1
DA:249,1
DA:251,26
DA:254,1
DA:255,1
DA:256,1
DA:268,30
DA:269,30
DA:270,90
DA:273,90
DA:275,90
DA:278,90
DA:281,90
DA:282,90
DA:286,90
DA:290,90
DA:293,30
DA:316,111
DA:317,111
DA:318,444
DA:319,3
DA:320,3
DA:324,111
DA:326,111
DA:327,111
DA:328,111
DA:331,111
DA:334,111
DA:335,111
DA:339,111
DA:342,111
DA:343,111
DA:344,111
DA:348,111
DA:349,111
DA:350,111
DA:355,108
DA:363,30
DA:365,30
DA:366,30
DA:367,30
DA:375,26
DA:378,26
DA:391,80
DA:393,80
DA:394,80
DA:395,80
DA:397,1
DA:398,1
DA:401,1
DA:402,1
DA:405,1
DA:414,81
DA:417,81
DA:418,0
DA:419,0
DA:422,81
DA:423,81
DA:424,81
DA:426,81
DA:427,67
DA:428,67
DA:434,81
DA:435,81
DA:437,0
DA:448,1
DA:451,1
DA:452,0
DA:453,0
DA:456,1
DA:457,1
DA:458,1
DA:461,1
DA:462,1
DA:463,1
DA:483,1
DA:484,1
DA:487,1
DA:488,1
DA:489,1
DA:490,1
DA:496,1
DA:498,1
DA:499,1
DA:500,3
DA:501,3
DA:504,3
DA:505,3
DA:508,3
DA:511,3
DA:515,1
DA:516,1
DA:519,1
DA:527,1
DA:528,1
DA:530,1
DA:531,3
DA:532,3
DA:533,3
DA:536,3
DA:537,3
DA:538,3
DA:539,3
DA:540,3
DA:541,3
DA:545,3
DA:548,3
DA:549,1
DA:550,1
DA:552,2
DA:553,2
DA:564,6
DA:565,6
DA:567,6
DA:568,6
DA:570,6
DA:571,1
DA:572,1
DA:573,1
DA:574,1
DA:575,1
DA:578,5
DA:579,5
DA:580,5
DA:581,5
DA:590,847
DA:592,322
DA:594,267
DA:596,257
DA:598,1
DA:607,8
DA:608,8
DA:609,8
DA:611,6
DA:612,6
DA:620,81
DA:622,81
DA:623,243
DA:624,243
DA:626,243
DA:629,243
DA:630,240
DA:631,240
DA:632,240
DA:633,240
DA:634,240
DA:635,240
DA:639,240
DA:644,240
DA:645,240
DA:646,240
DA:647,240
DA:649,240
DA:652,243
DA:653,243
DA:654,243
DA:655,243
DA:657,243
DA:666,5
DA:667,5
DA:668,5
DA:670,3
DA:671,3
DA:679,3
DA:680,2
DA:681,2
DA:683,1
DA:684,1
DA:695,138
DA:696,138
DA:698,138
DA:699,414
DA:700,414
DA:701,414
DA:703,414
DA:704,63
DA:705,63
DA:707,351
DA:717,138
DA:720,138
DA:721,138
DA:730,311
DA:732,139
DA:734,86
DA:736,85
DA:738,1
DA:748,53
DA:750,48
DA:752,2
DA:754,2
DA:756,1
DA:766,55
DA:767,53
DA:769,52
DA:770,52
DA:771,52
DA:773,51
DA:776,51
DA:777,51
DA:778,50
DA:782,51
DA:783,51
DA:784,51
DA:796,82
DA:797,246
DA:798,246
DA:800,246
DA:801,2
DA:803,244
DA:814,258
DA:815,258
DA:817,258
DA:818,258
DA:819,258
DA:820,258
DA:828,258
DA:829,258
DA:830,258
DA:832,258
DA:833,258
DA:834,258
DA:836,258
DA:847,44
DA:848,44
DA:849,44
DA:851,44
DA:852,44
DA:862,114
DA:868,1
DA:872,113
DA:885,46
DA:886,46
DA:889,44
DA:890,18
DA:891,18
DA:892,2
DA:893,2
DA:898,42
DA:899,26
DA:901,16
DA:904,42
DA:905,42
DA:906,42
DA:908,42
DA:909,42
DA:910,42
DA:911,42
DA:915,42
DA:919,42
DA:923,42
DA:924,16
DA:925,16
DA:926,16
DA:931,42
DA:932,16
DA:941,16
DA:942,16
DA:945,14
DA:947,14
DA:948,14
DA:949,14
DA:951,14
DA:952,14
DA:953,14
DA:954,14
DA:958,14
DA:962,14
DA:964,14
DA:965,9
DA:970,14
DA:971,9
DA:981,21
DA:982,21
DA:983,63
DA:984,63
DA:985,63
DA:986,56
DA:989,21
DA:998,3
DA:999,3
DA:1000,3
DA:1001,3
DA:1007,0
DA:1008,0
DA:1009,0
DA:1021,12
DA:1022,12
DA:1024,10
DA:1025,2
DA:1027,8
DA:1035,9
DA:1036,0
DA:1037,0
DA:1039,9
DA:1052,89
DA:1054,89
DA:1055,89
DA:1057,89
DA:1058,89
DA:1059,89
DA:1061,89
DA:1062,6
DA:1064,83
DA:1067,89
DA:1068,4
DA:1070,85
DA:1073,89
DA:1074,3
DA:1076,86
DA:1085,13
DA:1086,13
DA:1089,13
DA:1092,12
DA:1094,11
DA:1102,254
DA:1103,254
DA:1105,254
DA:1107,253
DA:1108,253
DA:1110,5
DA:1111,5
DA:1120,4
DA:1122,4
DA:1123,4
DA:1125,4
DA:1126,4
DA:1127,4
DA:1129,4
DA:1130,4
DA:1131,4
DA:1133,4
DA:1134,4
DA:1136,4
DA:1138,4
DA:1139,4
DA:1140,4
DA:1143,4
DA:1144,4
DA:1154,16
DA:1156,15
DA:1157,15
DA:1158,15
DA:1160,14
DA:1161,14
DA:1163,13
DA:1165,11
DA:1168,11
DA:1169,11
DA:1172,11
DA:1173,11
DA:1174,11
DA:1175,11
DA:1176,11
DA:1177,11
DA:1179,11
DA:1180,11
DA:1181,11
DA:1183,11
DA:1184,11
DA:1186,11
DA:1187,11
DA:1195,40
DA:1197,39
DA:1199,39
DA:1200,38
DA:1201,30
DA:1202,30
DA:1204,30
DA:1205,30
DA:1211,30
DA:1214,0
DA:1216,0
DA:1220,0
DA:1229,12
DA:1232,11
DA:1233,8
DA:1234,8
DA:1236,8
DA:1237,8
DA:1243,8
DA:1245,0
DA:1247,0
DA:1254,11
DA:1255,11
DA:1256,11
DA:1258,11
DA:1259,11
DA:1260,11
DA:1261,11
DA:1264,11
DA:1265,11
DA:1267,11
DA:1268,11
DA:1269,11
DA:1273,11
DA:1274,11
DA:1287,46
DA:1288,46
DA:1290,46
DA:1291,46
DA:1294,46
DA:1297,46
DA:1298,46
DA:1299,46
DA:1300,46
DA:1301,46
DA:1302,46
DA:1303,46
DA:1304,46
DA:1307,46
DA:1316,49
DA:1317,49
DA:1318,147
DA:1319,98
DA:1320,98
DA:1322,49
DA:1330,48
DA:1331,47
DA:1334,47
DA:1335,1
DA:1338,47
DA:1339,46
DA:1341,1
DA:1349,46
DA:1352,46
DA:1353,46
DA:1363,116
DA:1365,116
DA:1368,116
DA:1369,116
DA:1371,3
DA:1372,2
DA:1375,2
DA:1376,1
DA:1378,1
DA:1379,1
DA:1383,1
DA:1392,657
DA:1393,470
DA:1394,470
DA:1395,468
DA:1396,468
DA:1401,10
DA:1404,10
DA:1405,10
LF:527
LH:509
BRDA:166,0,0,79
BRDA:166,0,1,1
BRDA:175,1,0,80
BRDA:175,1,1,0
BRDA:175,2,0,80
BRDA:175,2,1,80
BRDA:176,3,0,70
BRDA:176,3,1,10
BRDA:184,4,0,80
BRDA:184,4,1,0
BRDA:184,5,0,80
BRDA:184,5,1,80
BRDA:185,6,0,70
BRDA:185,6,1,10
BRDA:206,7,0,70
BRDA:206,7,1,10
BRDA:206,8,0,80
BRDA:206,8,1,80
BRDA:211,9,0,10
BRDA:211,9,1,0
BRDA:214,10,0,10
BRDA:214,10,1,0
BRDA:240,11,0,1
BRDA:240,11,1,24
BRDA:247,12,0,1
BRDA:247,12,1,25
BRDA:254,13,0,1
BRDA:254,13,1,0
BRDA:275,14,0,90
BRDA:275,14,1,90
BRDA:275,14,2,0
BRDA:282,15,0,90
BRDA:282,15,1,0
BRDA:286,16,0,90
BRDA:286,16,1,90
BRDA:286,16,2,16
BRDA:295,17,0,30
BRDA:295,17,1,0
BRDA:318,18,0,441
BRDA:318,18,1,3
BRDA:318,19,0,444
BRDA:318,19,1,333
BRDA:320,20,0,3
BRDA:320,20,1,0
BRDA:324,21,0,111
BRDA:324,21,1,0
BRDA:326,22,0,111
BRDA:326,22,1,0
BRDA:326,23,0,111
BRDA:326,23,1,111
BRDA:328,24,0,0
BRDA:328,24,1,111
BRDA:331,25,0,111
BRDA:331,25,1,0
BRDA:331,26,0,111
BRDA:331,26,1,111
BRDA:335,27,0,0
BRDA:335,27,1,111
BRDA:339,28,0,111
BRDA:339,28,1,0
BRDA:342,29,0,0
BRDA:342,29,1,111
BRDA:344,30,0,0
BRDA:344,30,1,111
BRDA:348,31,0,111
BRDA:348,31,1,0
BRDA:350,32,0,3
BRDA:350,32,1,108
BRDA:363,33,0,0
BRDA:363,33,1,30
BRDA:363,34,0,30
BRDA:363,34,1,30
BRDA:365,35,0,30
BRDA:365,35,1,29
BRDA:375,36,0,0
BRDA:375,36,1,26
BRDA:391,37,0,0
BRDA:391,37,1,80
BRDA:391,38,0,80
BRDA:391,38,1,80
BRDA:393,39,0,80
BRDA:393,39,1,78
BRDA:395,40,0,79
BRDA:395,40,1,1
BRDA:395,41,0,80
BRDA:395,41,1,1
BRDA:414,42,0,81
BRDA:414,42,1,0
BRDA:414,43,0,81
BRDA:414,43,1,81
BRDA:417,44,0,0
BRDA:417,44,1,81
BRDA:417,45,0,81
BRDA:417,45,1,81
BRDA:434,46,0,81
BRDA:434,46,1,0
BRDA:448,47,0,1
BRDA:448,47,1,0
BRDA:448,48,0,1
BRDA:448,48,1,1
BRDA:451,49,0,0
BRDA:451,49,1,1
BRDA:451,50,0,1
BRDA:451,50,1,1
BRDA:483,51,0,1
BRDA:483,51,1,0
BRDA:483,52,0,1
BRDA:483,52,1,1
BRDA:487,53,0,1
BRDA:487,53,1,1
BRDA:489,54,0,1
BRDA:489,54,1,0
BRDA:489,55,0,1
BRDA:489,55,1,1
BRDA:501,56,0,0
BRDA:501,56,1,3
BRDA:527,57,0,1
BRDA:527,57,1,0
BRDA:527,58,0,1
BRDA:527,58,1,1
BRDA:528,59,0,0
BRDA:528,59,1,1
BRDA:533,60,0,0
BRDA:533,60,1,3
BRDA:533,61,0,3
BRDA:533,61,1,3
BRDA:537,62,0,3
BRDA:537,62,1,0
BRDA:548,63,0,1
BRDA:548,63,1,2
BRDA:565,64,0,0
BRDA:565,64,1,6
BRDA:568,65,0,0
BRDA:568,65,1,6
BRDA:570,66,0,1
BRDA:570,66,1,5
BRDA:590,67,0,322
BRDA:590,67,1,267
BRDA:590,67,2,257
BRDA:590,67,3,1
BRDA:607,68,0,7
BRDA:607,68,1,1
BRDA:607,69,0,8
BRDA:607,69,1,7
BRDA:608,70,0,7
BRDA:608,70,1,1
BRDA:608,71,0,8
BRDA:608,71,1,7
BRDA:609,72,0,2
BRDA:609,72,1,6
BRDA:624,73,0,0
BRDA:624,73,1,243
BRDA:629,74,0,240
BRDA:629,74,1,3
BRDA:666,75,0,4
BRDA:666,75,1,1
BRDA:666,76,0,5
BRDA:666,76,1,4
BRDA:667,77,0,4
BRDA:667,77,1,1
BRDA:667,78,0,5
BRDA:667,78,1,4
BRDA:668,79,0,2
BRDA:668,79,1,3
BRDA:679,80,0,1
BRDA:679,80,1,2
BRDA:681,81,0,1
BRDA:681,81,1,1
BRDA:681,82,0,2
BRDA:681,82,1,1
BRDA:701,83,0,0
BRDA:701,83,1,414
BRDA:701,84,0,414
BRDA:701,84,1,414
BRDA:703,85,0,63
BRDA:703,85,1,351
BRDA:721,86,0,1
BRDA:721,86,1,137
BRDA:730,87,0,139
BRDA:730,87,1,86
BRDA:730,87,2,85
BRDA:730,87,3,1
BRDA:748,88,0,48
BRDA:748,88,1,2
BRDA:748,88,2,2
BRDA:748,88,3,1
BRDA:766,89,0,2
BRDA:766,89,1,53
BRDA:766,90,0,55
BRDA:766,90,1,54
BRDA:766,90,2,53
BRDA:767,91,0,1
BRDA:767,91,1,52
BRDA:767,92,0,53
BRDA:767,92,1,53
BRDA:771,93,0,1
BRDA:771,93,1,51
BRDA:777,94,0,50
BRDA:777,94,1,1
BRDA:777,95,0,51
BRDA:777,95,1,51
BRDA:783,96,0,51
BRDA:783,96,1,0
BRDA:798,97,0,0
BRDA:798,97,1,246
BRDA:800,98,0,2
BRDA:800,98,1,244
BRDA:815,99,0,0
BRDA:815,99,1,258
BRDA:819,100,0,0
BRDA:819,100,1,258
BRDA:830,101,0,0
BRDA:830,101,1,258
BRDA:830,102,0,258
BRDA:830,102,1,258
BRDA:833,103,0,258
BRDA:833,103,1,0
BRDA:849,104,0,0
BRDA:849,104,1,44
BRDA:849,105,0,44
BRDA:849,105,1,44
BRDA:862,106,0,1
BRDA:862,106,1,113
BRDA:863,107,0,114
BRDA:863,107,1,114
BRDA:863,107,2,114
BRDA:863,107,3,113
BRDA:884,108,0,7
BRDA:886,109,0,2
BRDA:886,109,1,44
BRDA:889,110,0,18
BRDA:889,110,1,26
BRDA:889,111,0,44
BRDA:889,111,1,18
BRDA:891,112,0,2
BRDA:891,112,1,16
BRDA:891,113,0,18
BRDA:891,113,1,2
BRDA:898,114,0,26
BRDA:898,114,1,16
BRDA:909,115,0,42
BRDA:909,115,1,0
BRDA:923,116,0,16
BRDA:923,116,1,26
BRDA:925,117,0,16
BRDA:925,117,1,0
BRDA:925,118,0,16
BRDA:925,118,1,16
BRDA:931,119,0,16
BRDA:931,119,1,26
BRDA:940,120,0,11
BRDA:942,121,0,2
BRDA:942,121,1,14
BRDA:952,122,0,14
BRDA:952,122,1,0
BRDA:964,123,0,9
BRDA:964,123,1,5
BRDA:964,124,0,14
BRDA:964,124,1,9
BRDA:970,125,0,9
BRDA:970,125,1,5
BRDA:984,126,0,0
BRDA:984,126,1,63
BRDA:985,127,0,56
BRDA:985,127,1,7
BRDA:997,128,0,0
BRDA:999,129,0,3
BRDA:999,129,1,0
BRDA:999,130,0,3
BRDA:999,130,1,3
BRDA:1008,131,0,0
BRDA:1008,131,1,0
BRDA:1008,132,0,0
BRDA:1008,132,1,0
BRDA:1022,133,0,2
BRDA:1022,133,1,10
BRDA:1024,134,0,2
BRDA:1024,134,1,8
BRDA:1035,135,0,0
BRDA:1035,135,1,9
BRDA:1052,136,0,0
BRDA:1052,136,1,89
BRDA:1052,137,0,89
BRDA:1052,137,1,89
BRDA:1055,138,0,0
BRDA:1055,138,1,89
BRDA:1055,139,0,89
BRDA:1055,139,1,89
BRDA:1061,140,0,6
BRDA:1061,140,1,83
BRDA:1067,141,0,4
BRDA:1067,141,1,85
BRDA:1073,142,0,3
BRDA:1073,142,1,86
BRDA:1086,143,0,0
BRDA:1086,143,1,13
BRDA:1089,144,0,1
BRDA:1089,144,1,12
BRDA:1089,145,0,13
BRDA:1089,145,1,13
BRDA:1092,146,0,1
BRDA:1092,146,1,11
BRDA:1092,147,0,12
BRDA:1092,147,1,12
BRDA:1103,148,0,0
BRDA:1103,148,1,254
BRDA:1105,149,0,1
BRDA:1105,149,1,253
BRDA:1105,150,0,254
BRDA:1105,150,1,254
BRDA:1107,151,0,253
BRDA:1107,151,1,253
BRDA:1108,152,0,248
BRDA:1108,152,1,5
BRDA:1110,153,0,5
BRDA:1110,153,1,0
BRDA:1110,154,0,5
BRDA:1110,154,1,5
BRDA:1120,155,0,0
BRDA:1120,155,1,4
BRDA:1123,156,0,0
BRDA:1123,156,1,4
BRDA:1123,157,0,4
BRDA:1123,157,1,3
BRDA:1126,158,0,4
BRDA:1126,158,1,0
BRDA:1126,159,0,4
BRDA:1126,159,1,4
BRDA:1127,160,0,0
BRDA:1127,160,1,4
BRDA:1130,161,0,0
BRDA:1130,161,1,4
BRDA:1131,162,0,0
BRDA:1131,162,1,4
BRDA:1131,163,0,4
BRDA:1131,163,1,4
BRDA:1133,164,0,1
BRDA:1133,164,1,3
BRDA:1134,165,0,1
BRDA:1134,165,1,3
BRDA:1143,166,0,4
BRDA:1143,166,1,0
BRDA:1143,167,0,4
BRDA:1143,167,1,4
BRDA:1154,168,0,1
BRDA:1154,168,1,15
BRDA:1154,169,0,16
BRDA:1154,169,1,16
BRDA:1154,169,2,16
BRDA:1157,170,0,14
BRDA:1157,170,1,1
BRDA:1157,171,0,15
BRDA:1157,171,1,15
BRDA:1158,172,0,1
BRDA:1158,172,1,14
BRDA:1161,173,0,1
BRDA:1161,173,1,13
BRDA:1163,174,0,2
BRDA:1163,174,1,11
BRDA:1168,175,0,11
BRDA:1168,175,1,0
BRDA:1176,176,0,11
BRDA:1176,176,1,0
BRDA:1176,177,0,11
BRDA:1176,177,1,11
BRDA:1195,178,0,1
BRDA:1195,178,1,39
BRDA:1195,179,0,40
BRDA:1195,179,1,39
BRDA:1195,179,2,39
BRDA:1199,180,0,1
BRDA:1199,180,1,38
BRDA:1202,181,0,0
BRDA:1202,181,1,30
BRDA:1202,182,0,30
BRDA:1202,182,1,30
BRDA:1202,182,2,30
BRDA:1229,183,0,1
BRDA:1229,183,1,11
BRDA:1232,184,0,8
BRDA:1232,184,1,3
BRDA:1232,185,0,11
BRDA:1232,185,1,8
BRDA:1232,185,2,8
BRDA:1264,186,0,11
BRDA:1264,186,1,0
BRDA:1264,187,0,11
BRDA:1264,187,1,11
BRDA:1268,188,0,11
BRDA:1268,188,1,0
BRDA:1273,189,0,11
BRDA:1273,189,1,0
BRDA:1273,190,0,11
BRDA:1273,190,1,11
BRDA:1299,191,0,46
BRDA:1299,191,1,0
BRDA:1299,192,0,46
BRDA:1299,192,1,46
BRDA:1302,193,0,46
BRDA:1302,193,1,0
BRDA:1318,194,0,49
BRDA:1318,194,1,98
BRDA:1330,195,0,47
BRDA:1330,195,1,1
BRDA:1331,196,0,47
BRDA:1331,196,1,0
BRDA:1334,197,0,1
BRDA:1334,197,1,46
BRDA:1334,198,0,47
BRDA:1334,198,1,47
BRDA:1334,198,2,47
BRDA:1338,199,0,46
BRDA:1338,199,1,1
BRDA:1338,200,0,47
BRDA:1338,200,1,47
BRDA:1353,201,0,0
BRDA:1353,201,1,46
BRDA:1365,202,0,116
BRDA:1365,202,1,114
BRDA:1365,202,2,2
BRDA:1369,203,0,113
BRDA:1369,203,1,3
BRDA:1371,204,0,2
BRDA:1371,204,1,1
BRDA:1372,205,0,2
BRDA:1372,205,1,0
BRDA:1375,206,0,1
BRDA:1375,206,1,1
BRDA:1375,207,0,2
BRDA:1375,207,1,2
BRDA:1375,207,2,2
BRDA:1378,208,0,1
BRDA:1378,208,1,0
BRDA:1378,209,0,1
BRDA:1378,209,1,1
BRDA:1392,210,0,187
BRDA:1392,210,1,470
BRDA:1392,211,0,657
BRDA:1392,211,1,470
BRDA:1394,212,0,2
BRDA:1394,212,1,468
BRDA:1396,213,0,467
BRDA:1396,213,1,1
BRDA:1404,214,0,10
BRDA:1404,214,1,0
BRDA:1404,215,0,10
BRDA:1404,215,1,10
BRDA:1407,216,0,10
BRDA:1407,216,1,0
BRF:449
BRH:368
end_of_record
TN:
SF:static\js\state-manager.js
FN:14,(anonymous_0)
FN:25,(anonymous_1)
FN:40,(anonymous_2)
FN:51,(anonymous_3)
FN:126,(anonymous_4)
FN:198,(anonymous_5)
FN:214,(anonymous_6)
FN:229,(anonymous_7)
FN:247,(anonymous_8)
FN:261,(anonymous_9)
FN:263,(anonymous_10)
FN:277,(anonymous_11)
FN:297,(anonymous_12)
FNF:13
FNH:13
FNDA:11,(anonymous_0)
FNDA:127,(anonymous_1)
FNDA:132,(anonymous_2)
FNDA:35,(anonymous_3)
FNDA:86,(anonymous_4)
FNDA:5,(anonymous_5)
FNDA:8,(anonymous_6)
FNDA:1,(anonymous_7)
FNDA:2,(anonymous_8)
FNDA:1,(anonymous_9)
FNDA:2,(anonymous_10)
FNDA:43,(anonymous_11)
FNDA:6,(anonymous_12)
DA:14,11
DA:17,11
DA:18,11
DA:26,127
DA:27,127
DA:29,127
DA:31,1
DA:41,132
DA:42,132
DA:52,35
DA:53,35
DA:54,1
DA:56,1
DA:60,1
DA:63,34
DA:70,34
DA:71,1
DA:73,1
DA:77,1
DA:80,33
DA:81,33
DA:83,33
DA:84,33
DA:85,31
DA:88,2
DA:89,1
DA:91,1
DA:95,1
DA:96,1
DA:97,1
DA:98,1
DA:100,0
DA:102,0
DA:106,0
DA:111,1
DA:113,1
DA:117,1
DA:127,86
DA:128,86
DA:129,0
DA:131,0
DA:135,0
DA:138,86
DA:140,86
DA:141,86
DA:142,86
DA:144,3
DA:146,3
DA:150,3
DA:153,83
DA:155,6
DA:156,6
DA:157,6
DA:160,2
DA:161,2
DA:165,2
DA:167,2
DA:171,2
DA:174,4
DA:175,4
DA:176,1
DA:177,1
DA:181,1
DA:183,1
DA:187,1
DA:190,3
DA:199,5
DA:200,5
DA:201,5
DA:202,5
DA:203,5
DA:215,8
DA:216,7
DA:217,7
DA:218,5
DA:219,4
DA:221,4
DA:230,1
DA:231,1
DA:233,1
DA:234,1
DA:235,1
DA:236,4
DA:237,4
DA:238,4
DA:239,3
DA:240,2
DA:247,1
DA:248,2
DA:249,2
DA:250,2
DA:251,2
DA:252,2
DA:253,1
DA:256,1
DA:258,2
DA:261,1
DA:263,1
DA:264,2
DA:265,2
DA:278,43
DA:279,42
DA:281,41
DA:282,41
DA:283,115
DA:284,115
DA:285,115
DA:286,112
DA:289,37
DA:298,6
DA:301,6
DA:302,1
DA:306,5
DA:309,1
DA:314,11
DA:317,11
DA:318,11
LF:117
LH:111
BRDA:27,0,0,0
BRDA:27,0,1,127
BRDA:29,1,0,127
BRDA:29,1,1,1
BRDA:41,2,0,130
BRDA:41,2,1,2
BRDA:41,3,0,132
BRDA:41,3,1,130
BRDA:53,4,0,1
BRDA:53,4,1,34
BRDA:65,5,0,34
BRDA:65,5,1,0
BRDA:65,6,0,34
BRDA:65,6,1,34
BRDA:66,7,0,34
BRDA:66,7,1,0
BRDA:66,8,0,34
BRDA:66,8,1,34
BRDA:70,9,0,1
BRDA:70,9,1,33
BRDA:88,10,0,1
BRDA:88,10,1,1
BRDA:128,11,0,0
BRDA:128,11,1,86
BRDA:153,12,0,77
BRDA:153,12,1,6
BRDA:175,13,0,1
BRDA:175,13,1,3
BRDA:201,14,0,0
BRDA:201,14,1,5
BRDA:215,15,0,1
BRDA:215,15,1,7
BRDA:216,16,0,5
BRDA:216,16,1,2
BRDA:217,17,0,2
BRDA:217,17,1,5
BRDA:218,18,0,1
BRDA:218,18,1,4
BRDA:219,19,0,3
BRDA:219,19,1,1
BRDA:221,20,0,4
BRDA:221,20,1,3
BRDA:231,21,0,0
BRDA:231,21,1,1
BRDA:237,22,0,0
BRDA:237,22,1,4
BRDA:238,23,0,1
BRDA:238,23,1,3
BRDA:239,24,0,1
BRDA:239,24,1,2
BRDA:239,25,0,3
BRDA:239,25,1,3
BRDA:251,26,0,2
BRDA:251,26,1,0
BRDA:253,27,0,1
BRDA:253,27,1,0
BRDA:253,28,0,1
BRDA:253,28,1,1
BRDA:278,29,0,1
BRDA:278,29,1,42
BRDA:278,30,0,43
BRDA:278,30,1,42
BRDA:279,31,0,1
BRDA:279,31,1,41
BRDA:279,32,0,42
BRDA:279,32,1,42
BRDA:284,33,0,0
BRDA:284,33,1,115
BRDA:284,34,0,115
BRDA:284,34,1,115
BRDA:285,35,0,3
BRDA:285,35,1,112
BRDA:285,36,0,115
BRDA:285,36,1,115
BRDA:286,37,0,1
BRDA:286,37,1,111
BRDA:298,38,0,0
BRDA:298,38,1,6
BRDA:298,39,0,6
BRDA:298,39,1,6
BRDA:301,40,0,1
BRDA:301,40,1,5
BRDA:306,41,0,4
BRDA:306,41,1,1
BRDA:317,42,0,11
BRDA:317,42,1,0
BRDA:317,43,0,11
BRDA:317,43,1,11
BRDA:320,44,0,11
BRDA:320,44,1,0
BRF:90
BRH:77
end_of_record
